<?xml version="1.0" encoding="UTF-8"?>
<!-- Generated by org.testng.reporters.JUnitReportReporter -->
<testsuite hostname="LAPTOP-EP26A9T0" failures="0" tests="1" name="testscripts.QaLegend_salescommissionagentstest" time="45.412" errors="0" timestamp="2025-03-04T16:15:38 IST" skipped="0">
  <testcase classname="testscripts.QaLegend_salescommissionagentstest" name="deleteSalesCommissionAgents" time="45.412"/>
</testsuite> <!-- testscripts.QaLegend_salescommissionagentstest -->
