<?xml version="1.0" encoding="UTF-8"?>
<!-- Generated by org.testng.reporters.JUnitReportReporter -->
<testsuite hostname="LAPTOP-EP26A9T0" failures="0" tests="3" name="testscripts.QaLegend_userstest" time="66.552" errors="0" timestamp="2025-03-05T20:03:48 IST" skipped="0">
  <testcase classname="testscripts.QaLegend_userstest" name="editUser" time="27.974"/>
  <testcase classname="testscripts.QaLegend_userstest" name="createaUser" time="19.011"/>
  <testcase classname="testscripts.QaLegend_userstest" name="deleteUser" time="19.567"/>
</testsuite> <!-- testscripts.QaLegend_userstest -->
