<?xml version="1.0" encoding="UTF-8"?>
<!-- Generated by org.testng.reporters.JUnitReportReporter -->
<testsuite hostname="LAPTOP-EP26A9T0" failures="0" tests="1" name="testscripts.QaLegend_rolestest" time="19.101" errors="0" timestamp="2025-03-05T19:47:35 IST" skipped="0">
  <testcase classname="testscripts.QaLegend_rolestest" name="deleteRoleName" time="19.101"/>
</testsuite> <!-- testscripts.QaLegend_rolestest -->
