<?xml version="1.0" encoding="UTF-8"?>
<!-- Generated by org.testng.reporters.JUnitReportReporter -->
<testsuite hostname="LAPTOP-EP26A9T0" failures="0" tests="1" name="testscripts.QaLegend_customerstest" time="21.562" errors="0" timestamp="2025-03-05T20:29:13 IST" skipped="0">
  <testcase classname="testscripts.QaLegend_customerstest" name="createCustomer" time="21.562"/>
</testsuite> <!-- testscripts.QaLegend_customerstest -->
